Elves attack power: 23

Initial situation:
################################   
#########....G#######.##########   G(200)
##########.G########...#########   G(200)
###########.########.#.#########   
###########.#..G######..######.#   G(200)
##########..#...###......G..##.#   G(200)
##.#######......#..G....E#.....#   G(200), E(200)
##.##..######...........E..E####   E(200), E(200)
##.##...###................#####   
#.....G.G...........G.....######   G(200), G(200), G(200)
#...G....G...................###   G(200), G(200)
#G.G.............EG..........###   G(200), G(200), E(200), G(200)
#..G..........#####.........####   G(200)
##.G.......G.#######.........###   G(200), G(200)
#####....G..#########..G.E....##   G(200), G(200), E(200)
####....#...#########.........##   
#######.##..#########...#.....##   
#########...#########.....######   
##########..#########G....######   G(200)
##########...#######..E...######   E(200)
##########....#####...#EE.######   E(200), E(200)
#########.........G.......######   G(200)
#########............###########   
############..........##########   
############.......#.###########   
###########...........##########   
###########........#.###########   
##########E.#......#############   E(200)
#########...##....E.############   E(200)
#########.######....############   
################....############   
################################   

Battle still raging after 1 rounds:
################################   
#########....G#######.##########   G(200)
##########..########...#########   
###########G########.#.#########   G(200)
###########.#...######..######.#   
##########..#..G###.....G...##.#   G(200), G(177)
##.#######......#...G...E#.E...#   G(200), E(197), E(200)
##.##..######..........E....####   E(200)
##.##...###.........G......#####   G(200)
#......G.G................######   G(200), G(200)
#G...G....G..................###   G(200), G(200), G(200)
#...G............EG..........###   G(200), E(197), G(177)
#...G......G..#####.........####   G(200), G(200)
##..G....G...#######.........###   G(200), G(200)
#####.......#########...GE....##   G(177), E(197)
####....#...#########.........##   
#######.##..#########...#.....##   
#########...#########.....######   
##########..#########.G...######   G(177)
##########...#######..EEE.######   E(197), E(200), E(200)
##########....#####...#...######   
#########..........G......######   G(200)
#########............###########   
############..........##########   
############.......#.###########   
###########...........##########   
###########........#.###########   
##########.E#.....E#############   E(200), E(200)
#########...##......############   
#########.######....############   
################....############   
################################   

Battle still raging after 2 rounds:
################################   
#########....G#######.##########   G(200)
##########..########...#########   
###########.########.#.#########   
###########G#...######..######.#   G(200)
##########..#...###.....G..E##.#   G(154), E(200)
##.#######.....G#....G.EE#.....#   G(200), G(200), E(200), E(194)
##.##..######.......G.......####   G(200)
##.##...###................#####   
#G......G.G...............######   G(200), G(200), G(200)
#.....G....G.................###   G(200), G(200)
#....G.....G.....EG..........###   G(200), G(200), E(194), G(154)
#....G...G....#####.........####   G(200), G(200)
##...G.......#######.........###   G(200)
#####.......#########...GE....##   G(154), E(194)
####....#...#########.........##   
#######.##..#########...#.....##   
#########...#########.....######   
##########..#########.GEE.######   G(131), E(200), E(200)
##########...#######..E...######   E(194)
##########....#####G..#...######   G(200)
#########.................######   
#########............###########   
############..........##########   
############.......#.###########   
###########...........##########   
###########E......E#.###########   E(200), E(200)
##########..#......#############   
#########...##......############   
#########.######....############   
################....############   
################################   

Battle still raging after 3 rounds:
################################   
#########....G#######.##########   G(200)
##########..########...#########   
###########.########.#.#########   
###########.#...######..######.#   
##########.G#...###.....G.E.##.#   G(200), G(131), E(200)
##.#######......#.....GEE#.....#   G(177), E(197), E(191)
##.##..######..G.....G......####   G(200), G(200)
##.##...###................#####   
#.G......G.G..............######   G(200), G(200), G(200)
#......G....G................###   G(200), G(200)
#.....G.....G....EG..........###   G(200), G(200), E(191), G(131)
#.....G...G...#####.........####   G(200), G(200)
##....G......#######.........###   G(200)
#####.......#########...GE....##   G(131), E(191)
####....#...#########.........##   
#######.##..#########...#.....##   
#########...#########...E.######   E(200)
##########..#########.GE..######   G(85), E(200)
##########...#######..E...######   E(191)
##########....#####.G.#...######   G(200)
#########.................######   
#########............###########   
############..........##########   
############.......#.###########   
###########E......E...##########   E(200), E(200)
###########........#.###########   
##########..#......#############   
#########...##......############   
#########.######....############   
################....############   
################################   

Battle still raging after 4 rounds:
################################   
#########....G#######.##########   G(200)
##########..########...#########   
###########.########.#.#########   
###########.#...######..######.#   
##########..#...###.....GE..##.#   G(85), E(200)
##.#######.G....#.....GEE#.....#   G(200), G(154), E(194), E(188)
##.##..######...G.....G.....####   G(200), G(200)
##.##...###................#####   
#..G......G.G.............######   G(200), G(200), G(200)
#.......G....G...............###   G(200), G(200)
#......G..G..G...EG..........###   G(200), G(200), G(200), E(188), G(108)
#......G......#####.........####   G(200)
##.....G.....#######.........###   G(200)
#####.......#########...GE....##   G(108), E(188)
####....#...#########.........##   
#######.##..#########...#.....##   
#########...#########..E..######   E(200)
##########..#########.GE..######   G(39), E(200)
##########...#######G.E...######   G(200), E(188)
##########....#####...#...######   
#########.................######   
#########............###########   
############..........##########   
############......E#.###########   E(200)
###########.E.........##########   E(200)
###########........#.###########   
##########..#......#############   
#########...##......############   
#########.######....############   
################....############   
################################   

Battle still raging after 5 rounds:
################################   
#########....G#######.##########   G(200)
##########..########...#########   
###########.########.#.#########   
###########.#...######..######.#   
##########..#...###.....GE..##.#   G(39), E(200)
##.#######..G...#.....GEE#.....#   G(200), G(131), E(188), E(185)
##.##..######....G.....G....####   G(200), G(200)
##.##...###................#####   
#...G......G.G............######   G(200), G(200), G(200)
#......G.GG...G..............###   G(200), G(200), G(200), G(200)
#......G......G..EG..........###   G(200), G(200), E(185), G(85)
#.............#####.........####   
##......G....#######.........###   G(200)
#####.......#########...GE....##   G(85), E(185)
####....#...#########.........##   
#######.##..#########...#.....##   
#########...#########.E...######   E(200)
##########..#########..E..######   E(200)
##########...#######.GE...######   G(177), E(182)
##########....#####...#...######   
#########.................######   
#########............###########   
############......E...##########   E(200)
############E......#.###########   E(200)
###########...........##########   
###########........#.###########   
##########..#......#############   
#########...##......############   
#########.######....############   
################....############   
################################   

Battle still raging after 6 rounds:
################################   
#########....G#######.##########   G(200)
##########..########...#########   
###########.########.#.#########   
###########.#...######..######.#   
##########..#...###......E..##.#   E(200)
##.#######...G..#.....GEE#.....#   G(200), G(108), E(182), E(182)
##.##..######..........G....####   G(200)
##.##...###G.....G.........#####   G(200), G(200)
#....G.G.GG...G...........######   G(200), G(200), G(200), G(200), G(200)
#......G.......G.............###   G(200), G(200)
#..............G.EG..........###   G(200), E(182), G(62)
#.............#####.........####   
##.......G...#######.........###   G(200)
#####.......#########...GE....##   G(62), E(182)
####....#...#########.........##   
#######.##..#########...#.....##   
#########...#########E....######   E(200)
##########..#########.E...######   E(200)
##########...#######.GE...######   G(154), E(179)
##########....#####...#...######   
#########.................######   
#########.........E..###########   E(200)
############E.........##########   E(200)
############.......#.###########   
###########...........##########   
###########........#.###########   
##########..#......#############   
#########...##......############   
#########.######....############   
################....############   
################################   

Battle still raging after 7 rounds:
################################   
#########....G#######.##########   G(200)
##########..########...#########   
###########.########.#.#########   
###########.#...######..######.#   
##########..#...###.....E...##.#   E(200)
##.#######....G.#.....GE.#.....#   G(200), G(85), E(176)
##.##..######..........GE...####   G(177), E(182)
##.##...###.G..............#####   G(200)
#.....G.G..G...G.G........######   G(200), G(200), G(200), G(200), G(200)
#.......GG......G............###   G(200), G(200), G(200)
#...............GEG..........###   G(200), E(176), G(39)
#.............#####.........####   
##........G..#######.........###   G(200)
#####.......#########...GE....##   G(39), E(179)
####....#...#########.........##   
#######.##..#########...#.....##   
#########...#########.E...######   E(200)
##########..#########E....######   E(200)
##########...#######.GE...######   G(108), E(176)
##########....#####...#...######   
#########.........E.......######   E(200)
#########...E........###########   E(200)
############..........##########   
############.......#.###########   
###########...........##########   
###########........#.###########   
##########..#......#############   
#########...##......############   
#########.######....############   
################....############   
################################   

Battle still raging after 8 rounds:
################################   
#########...G.#######.##########   G(200)
##########..########...#########   
###########.########.#.#########   
###########.#...######..######.#   
##########..#...###....E....##.#   E(200)
##.#######.....G#.....GE.#.....#   G(200), G(62), E(170)
##.##..######..........GE...####   G(154), E(182)
##.##...###..G.G...........#####   G(200), G(200)
#......G.G..G...G.........######   G(200), G(200), G(200), G(200)
#.........G......G...........###   G(200), G(200)
#.......G.......GEG..........###   G(200), G(200), E(167), G(16)
#.............#####.........####   
##.........G.#######.........###   G(200)
#####.......#########...GE....##   G(16), E(176)
####....#...#########.........##   
#######.##..#########.E.#.....##   E(200)
#########...#########.....######   
##########..#########E....######   E(200)
##########...#######.GE...######   G(62), E(173)
##########....#####...#...######   
#########...E......E......######   E(200), E(200)
#########............###########   
############..........##########   
############.......#.###########   
###########...........##########   
###########........#.###########   
##########..#......#############   
#########...##......############   
#########.######....############   
################....############   
################################   

Battle still raging after 9 rounds:
################################   
#########..G..#######.##########   G(200)
##########..########...#########   
###########.########.#.#########   
###########.#...######..######.#   
##########..#...###...E.....##.#   E(200)
##.#######......#.....GE.#.....#   G(16), E(164)
##.##..######..G.......GE...####   G(200), G(131), E(182)
##.##...###.G...G..........#####   G(200), G(200)
#.......G..G.....G........######   G(200), G(200), G(200)
#........G.......G...........###   G(200), G(200)
#........GG.....GE...........###   G(200), G(200), G(200), E(161)
#.............#####.........####   
##...........#######.........###   
#####......G#########....E....##   G(200), E(173)
####....#...#########.E.......##   E(200)
#######.##..#########...#.....##   
#########...#########.....######   
##########..#########E....######   E(200)
##########...#######.GE...######   G(16), E(170)
##########..E.#####E..#...######   E(200), E(200)
#########.................######   
#########............###########   
############..........##########   
############.......#.###########   
###########...........##########   
###########........#.###########   
##########..#......#############   
#########...##......############   
#########.######....############   
################....############   
################################   

Battle still raging after 10 rounds:
################################   
#########.....#######.##########   
##########.G########...#########   G(200)
###########.########.#.#########   
###########.#...######..######.#   
##########..#...###...E.....##.#   E(200)
##.#######......#......E.#.....#   E(161)
##.##..######...G......GE...####   G(200), G(85), E(182)
##.##...###......G.........#####   G(200)
#........G..G.....G.......######   G(200), G(200), G(200)
#.......G..G.....G...........###   G(200), G(200), G(177)
#...............GE...........###   G(200), E(155)
#........GG...#####.........####   G(200), G(200)
##...........#######.....E...###   E(173)
#####.......#########.E.......##   E(200)
####....#..G#########.........##   G(200)
#######.##..#########...#.....##   
#########...#########.....######   
##########..#########EE...######   E(200), E(170)
##########..E#######......######   E(200)
##########....#####...#...######   
#########..........E......######   E(200)
#########............###########   
############..........##########   
############.......#.###########   
###########...........##########   
###########........#.###########   
##########..#......#############   
#########...##......############   
#########.######....############   
################....############   
################################   

Battle still raging after 11 rounds:
################################   
#########.....#######.##########   
##########..########...#########   
###########G########.#.#########   G(200)
###########.#...######..######.#   
##########..#...###.........##.#   
##.#######......#.....EE.#.....#   E(200), E(158)
##.##..######....G.....GE...####   G(200), G(39), E(182)
##.##...###.......G........#####   G(200)
#.........G...............######   G(200)
#...........G....GG..........###   G(200), G(154), G(200)
#.......G..G....GE...........###   G(200), G(200), G(200), E(149)
#.............#####......E..####   E(173)
##.......GG..#######..E......###   G(200), G(200), E(200)
#####.......#########.........##   
####....#...#########.........##   
#######.##.G#########...#.....##   G(200)
#########...#########EE...######   E(200), E(170)
##########..#########.....######   
##########.E.#######......######   E(200)
##########....#####...#...######   
#########.........E.......######   E(200)
#########............###########   
############..........##########   
############.......#.###########   
###########...........##########   
###########........#.###########   
##########..#......#############   
#########...##......############   
#########.######....############   
################....############   
################################   

Battle still raging after 12 rounds:
################################   
#########.....#######.##########   
##########..########...#########   
###########.########.#.#########   
###########G#...######..######.#   G(200)
##########..#...###.........##.#   
##.#######......#......E.#.....#   E(158)
##.##..######.....G...EE....####   G(200), E(200), E(182)
##.##...###........G.......#####   G(200)
#..........GG.............######   G(200), G(200)
#................G...........###   G(131)
#...............GEG......E...###   G(200), E(140), G(200), E(173)
#.......G..G..#####...E.....####   G(200), G(200), E(200)
##...........#######.........###   
#####....GG.#########.........##   G(200), G(200)
####....#...#########.........##   
#######.##..#########EE.#.....##   E(200), E(170)
#########..G#########.....######   G(177)
##########.E#########.....######   E(200)
##########...#######......######   
##########....#####...#...######   
#########........E........######   E(200)
#########............###########   
############..........##########   
############.......#.###########   
###########...........##########   
###########........#.###########   
##########..#......#############   
#########...##......############   
#########.######....############   
################....############   
################################   

Battle still raging after 13 rounds:
################################   
#########.....#######.##########   
##########..########...#########   
###########.########.#.#########   
###########.#...######..######.#   
##########.G#...###.........##.#   G(200)
##.#######......#.....E..#.....#   E(158)
##.##..######......G.EE.....####   G(200), E(200), E(182)
##.##...###.........G......#####   G(200)
#.........G..G............######   G(200), G(200)
#................G...........###   G(108)
#...............GEG...E.E....###   G(200), E(131), G(200), E(200), E(173)
#........G....#####.........####   G(200)
##.........G.#######.........###   G(200)
#####.......#########.........##   
####....#GG.#########EE.......##   G(200), G(200), E(200), E(170)
#######.##..#########...#.....##   
#########..G#########.....######   G(154)
##########.E#########.....######   E(197)
##########...#######......######   
##########....#####...#...######   
#########.......E.........######   E(200)
#########............###########   
############..........##########   
############.......#.###########   
###########...........##########   
###########........#.###########   
##########..#......#############   
#########...##......############   
#########.######....############   
################....############   
################################   

Battle still raging after 14 rounds:
################################   
#########.....#######.##########   
##########..########...#########   
###########.########.#.#########   
###########.#...######..######.#   
##########..#...###.........##.#   
##.#######.G....#....E...#.....#   G(200), E(158)
##.##..######.......GE......####   G(177), E(197)
##.##...###..........GE....#####   G(200), E(179)
#.............G...........######   G(200)
#.........G......G....E.E....###   G(200), G(85), E(200), E(173)
#...............GEG..........###   G(200), E(122), G(200)
#.........G...#####.........####   G(200)
##...........#######.........###   
#####....G.G#########EE.......##   G(200), G(200), E(200), E(170)
####....#...#########.........##   
#######.##G.#########...#.....##   G(200)
#########..G#########.....######   G(131)
##########.E#########.....######   E(194)
##########...#######......######   
##########....#####...#...######   
#########......E..........######   E(200)
#########............###########   
############..........##########   
############.......#.###########   
###########...........##########   
###########........#.###########   
##########..#......#############   
#########...##......############   
#########.######....############   
################....############   
################################   

Battle still raging after 15 rounds:
################################   
#########.....#######.##########   
##########..########...#########   
###########.########.#.#########   
###########.#...######..######.#   
##########..#...###.........##.#   
##.#######..G...#...E....#.....#   G(200), E(155)
##.##..######.......GE......####   G(131), E(197)
##.##...###...G......GE....#####   G(200), G(177), E(176)
#.........G...........E...######   G(200), E(200)
#................G.....E.....###   G(62), E(173)
#.........G.....GEG..........###   G(200), G(200), E(113), G(200)
#.............#####.........####   
##.......G.G.#######.EE......###   G(200), G(200), E(200), E(170)
#####.......#########.........##   
####....#...#########.........##   
#######.##..#########...#.....##   
#########.GG#########.....######   G(200), G(108)
##########.E#########.....######   E(191)
##########...#######......######   
##########....#####...#...######   
#########.....E...........######   E(200)
#########............###########   
############..........##########   
############.......#.###########   
###########...........##########   
###########........#.###########   
##########..#......#############   
#########...##......############   
#########.######....############   
################....############   
################################   

Battle still raging after 16 rounds:
################################   
#########.....#######.##########   
##########..########...#########   
###########.########.#.#########   
###########.#...######..######.#   
##########..#...###.........##.#   
##.#######...G..#...E....#.....#   G(200), E(152)
##.##..######.G.....GE......####   G(200), G(85), E(197)
##.##...###..........GE....#####   G(131), E(173)
#..........G.........E....######   G(200), E(200)
#.........G......G....E......###   G(200), G(39), E(173)
#...............GEG..........###   G(200), E(104), G(200)
#........G.G..#####..EE.....####   G(200), G(200), E(200), E(170)
##...........#######.........###   
#####.......#########.........##   
####....#...#########.........##   
#######.##..#########...#.....##   
#########..G#########.....######   G(85)
##########GE#########.....######   G(200), E(185)
##########...#######......######   
##########....#####...#...######   
#########....E............######   E(200)
#########............###########   
############..........##########   
############.......#.###########   
###########...........##########   
###########........#.###########   
##########..#......#############   
#########...##......############   
#########.######....############   
################....############   
################################   

Battle still raging after 17 rounds:
################################   
#########.....#######.##########   
##########..########...#########   
###########.########.#.#########   
###########.#...######..######.#   
##########..#...###.........##.#   
##.#######....G.#...E....#.....#   G(200), E(149)
##.##..######..G....GE......####   G(200), G(39), E(197)
##.##...###..........GE....#####   G(85), E(170)
#...........G........E....######   G(200), E(200)
#..........G.....G...E.......###   G(200), G(16), E(173)
#........G.G....GEG..E.......###   G(200), G(200), G(200), E(95), G(200), E(200)
#.............#####..E......####   E(170)
##...........#######.........###   
#####.......#########.........##   
####....#...#########.........##   
#######.##..#########...#.....##   
#########..G#########.....######   G(62)
##########GE#########.....######   G(200), E(179)
##########...#######......######   
##########...E#####...#...######   E(200)
#########.................######   
#########............###########   
############..........##########   
############.......#.###########   
###########...........##########   
###########........#.###########   
##########..#......#############   
#########...##......############   
#########.######....############   
################....############   
################################   

Battle still raging after 18 rounds:
################################   
#########.....#######.##########   
##########..########...#########   
###########.########.#.#########   
###########.#...######..######.#   
##########..#...###.........##.#   
##.#######......#...E....#.....#   E(146)
##.##..######.G.G....E......####   G(200), G(200), E(197)
##.##...###..........GE....#####   G(39), E(167)
#............G.......E....######   G(200), E(200)
#........G..G.......E........###   G(200), G(200), E(173)
#...........G...GEG.E........###   G(200), G(200), E(86), G(200), E(200)
#.............#####.E.......####   E(170)
##...........#######.........###   
#####.......#########.........##   
####....#...#########.........##   
#######.##..#########...#.....##   
#########..G#########.....######   G(39)
##########GE#########.....######   G(200), E(173)
##########...#######......######   
##########..E.#####...#...######   E(200)
#########.................######   
#########............###########   
############..........##########   
############.......#.###########   
###########...........##########   
###########........#.###########   
##########..#......#############   
#########...##......############   
#########.######....############   
################....############   
################################   

Battle still raging after 19 rounds:
################################   
#########.....#######.##########   
##########..########...#########   
###########.########.#.#########   
###########.#...######..######.#   
##########..#...###.........##.#   
##.#######......#........#.....#   
##.##..######..G.G..EE......####   G(200), G(200), E(146), E(197)
##.##...###...........E....#####   E(164)
#........G....G.....E.....######   G(200), G(200), E(200)
#............G.....E.........###   G(200), E(173)
#............G..GEGEE........###   G(200), G(177), E(80), G(177), E(200), E(170)
#.............#####.........####   
##...........#######.........###   
#####.......#########.........##   
####....#...#########.........##   
#######.##..#########...#.....##   
#########..G#########.....######   G(16)
##########GE#########.....######   G(200), E(167)
##########..E#######......######   E(200)
##########....#####...#...######   
#########.................######   
#########............###########   
############..........##########   
############.......#.###########   
###########...........##########   
###########........#.###########   
##########..#......#############   
#########...##......############   
#########.######....############   
################....############   
################################   

Battle still raging after 20 rounds:
################################   
#########.....#######.##########   
##########..########...#########   
###########.########.#.#########   
###########.#...######..######.#   
##########..#...###.........##.#   
##.#######......#....E...#.....#   E(197)
##.##..######...G.GE........####   G(200), G(177), E(146)
##.##...###.........EE.....#####   E(200), E(164)
#.........G....G..........######   G(200), G(200)
#.............G...E.E........###   G(200), E(173), E(170)
#.............G.GEGE.........###   G(200), G(177), E(74), G(108), E(200)
#.............#####.........####   
##...........#######.........###   
#####.......#########.........##   
####....#...#########.........##   
#######.##..#########...#.....##   
#########...#########.....######   
##########GE#########.....######   G(200), E(161)
##########.E.#######......######   E(200)
##########....#####...#...######   
#########.................######   
#########............###########   
############..........##########   
############.......#.###########   
###########...........##########   
###########........#.###########   
##########..#......#############   
#########...##......############   
#########.######....############   
################....############   
################################   

Battle still raging after 21 rounds:
################################   
#########.....#######.##########   
##########..########...#########   
###########.########.#.#########   
###########.#...######..######.#   
##########..#...###.........##.#   
##.#######......#...E....#.....#   E(197)
##.##..######....GGE........####   G(200), G(154), E(143)
##.##...###........EE......#####   E(200), E(164)
#..........G....G...E.....######   G(200), G(200), E(170)
#.............GG..E..........###   G(200), G(200), E(173)
#...............GEGE.........###   G(177), E(68), G(39), E(200)
#.............#####.........####   
##...........#######.........###   
#####.......#########.........##   
####....#...#########.........##   
#######.##..#########...#.....##   
#########...#########.....######   
##########GE#########.....######   G(154), E(158)
##########E..#######......######   E(200)
##########....#####...#...######   
#########.................######   
#########............###########   
############..........##########   
############.......#.###########   
###########...........##########   
###########........#.###########   
##########..#......#############   
#########...##......############   
#########.######....############   
################....############   
################################   

Battle still raging after 22 rounds:
################################   
#########.....#######.##########   
##########..########...#########   
###########.########.#.#########   
###########.#...######..######.#   
##########..#...###.........##.#   
##.#######......#G.E.....#.....#   G(200), E(197)
##.##..######.....GE........####   G(108), E(140)
##.##...###G....G.EE.......#####   G(200), G(200), E(200), E(164)
#.............G....E......######   G(200), E(170)
#...............G.E..........###   G(200), E(173)
#...............GE.E.........###   G(177), E(65), E(200)
#.............#####.........####   
##...........#######.........###   
#####.......#########.........##   
####....#...#########.........##   
#######.##..#########...#.....##   
#########...#########.....######   
##########GE#########.....######   G(108), E(155)
##########E..#######......######   E(200)
##########....#####...#...######   
#########.................######   
#########............###########   
############..........##########   
############.......#.###########   
###########...........##########   
###########........#.###########   
##########..#......#############   
#########...##......############   
#########.######....############   
################....############   
################################   

Battle still raging after 23 rounds:
################################   
#########.....#######.##########   
##########..########...#########   
###########.########.#.#########   
###########.#...######..######.#   
##########..#...###.........##.#   
##.#######......#.GE.....#.....#   G(177), E(194)
##.##..######.....GE........####   G(62), E(137)
##.##...###.G....GEE.......#####   G(200), G(200), E(197), E(164)
#..............G..E.......######   G(200), E(170)
#................GE..........###   G(154), E(173)
#...............GE.E.........###   G(177), E(59), E(200)
#.............#####.........####   
##...........#######.........###   
#####.......#########.........##   
####....#...#########.........##   
#######.##..#########...#.....##   
#########...#########.....######   
##########GE#########.....######   G(62), E(152)
##########E..#######......######   E(200)
##########....#####...#...######   
#########.................######   
#########............###########   
############..........##########   
############.......#.###########   
###########...........##########   
###########........#.###########   
##########..#......#############   
#########...##......############   
#########.######....############   
################....############   
################################   

Battle still raging after 24 rounds:
################################   
#########.....#######.##########   
##########..########...#########   
###########.########.#.#########   
###########.#...######..######.#   
##########..#...###.........##.#   
##.#######......#.GE.....#.....#   G(154), E(191)
##.##..######.....GE........####   G(16), E(134)
##.##...###..G...GEE.......#####   G(200), G(200), E(194), E(164)
#...............GE........######   G(200), E(170)
#................GE..........###   G(85), E(173)
#...............GE.E.........###   G(177), E(53), E(200)
#.............#####.........####   
##...........#######.........###   
#####.......#########.........##   
####....#...#########.........##   
#######.##..#########...#.....##   
#########...#########.....######   
##########GE#########.....######   G(16), E(149)
##########E..#######......######   E(200)
##########....#####...#...######   
#########.................######   
#########............###########   
############..........##########   
############.......#.###########   
###########...........##########   
###########........#.###########   
##########..#......#############   
#########...##......############   
#########.######....############   
################....############   
################################   

Battle still raging after 25 rounds:
################################   
#########.....#######.##########   
##########..########...#########   
###########.########.#.#########   
###########.#...######..######.#   
##########..#...###.........##.#   
##.#######......#.GE.....#.....#   G(131), E(188)
##.##..######G.....E........####   G(200), E(131)
##.##...###......GEE.......#####   G(177), E(194), E(164)
#...............GE........######   G(200), E(164)
#................GE..........###   G(16), E(173)
#...............GE.E.........###   G(177), E(47), E(200)
#.............#####.........####   
##...........#######.........###   
#####.......#########.........##   
####....#...#########.........##   
#######.##..#########...#.....##   
#########...#########.....######   
##########EE#########.....######   E(200), E(146)
##########...#######......######   
##########....#####...#...######   
#########.................######   
#########............###########   
############..........##########   
############.......#.###########   
###########...........##########   
###########........#.###########   
##########..#......#############   
#########...##......############   
#########.######....############   
################....############   
################################   

Battle still raging after 26 rounds:
################################   
#########.....#######.##########   
##########..########...#########   
###########.########.#.#########   
###########.#...######..######.#   
##########..#...###.........##.#   
##.#######......#.GE.....#.....#   G(85), E(185)
##.##..######.G...E.........####   G(200), E(131)
##.##...###......GEE.......#####   G(154), E(194), E(164)
#...............GE........######   G(200), E(158)
#................E...........###   E(173)
#...............GE.E.........###   G(154), E(44), E(200)
#.............#####.........####   
##...........#######.........###   
#####.......#########.........##   
####....#...#########.........##   
#######.##..#########...#.....##   
#########.EE#########.....######   E(200), E(146)
##########..#########.....######   
##########...#######......######   
##########....#####...#...######   
#########.................######   
#########............###########   
############..........##########   
############.......#.###########   
###########...........##########   
###########........#.###########   
##########..#......#############   
#########...##......############   
#########.######....############   
################....############   
################################   

Battle still raging after 27 rounds:
################################   
#########.....#######.##########   
##########..########...#########   
###########.########.#.#########   
###########.#...######..######.#   
##########..#...###.........##.#   
##.#######......#.GE.....#.....#   G(39), E(185)
##.##..######..G..E.........####   G(200), E(128)
##.##...###......GEE.......#####   G(108), E(194), E(164)
#...............GE........######   G(200), E(152)
#...............E............###   E(173)
#...............GE.E.........###   G(108), E(41), E(200)
#.............#####.........####   
##...........#######.........###   
#####.......#########.........##   
####....#...#########.........##   
#######.##EE#########...#.....##   E(200), E(146)
#########...#########.....######   
##########..#########.....######   
##########...#######......######   
##########....#####...#...######   
#########.................######   
#########............###########   
############..........##########   
############.......#.###########   
###########...........##########   
###########........#.###########   
##########..#......#############   
#########...##......############   
#########.######....############   
################....############   
################################   

Battle still raging after 28 rounds:
################################   
#########.....#######.##########   
##########..########...#########   
###########.########.#.#########   
###########.#...######..######.#   
##########..#...###.........##.#   
##.#######......#..E.....#.....#   E(185)
##.##..######...G.E.........####   G(200), E(125)
##.##...###......GEE.......#####   G(62), E(194), E(164)
#...............GE........######   G(200), E(146)
#...............E............###   E(173)
#...............GE.E.........###   G(62), E(38), E(200)
#.............#####.........####   
##...........#######.........###   
#####.......#########.........##   
####....#.EE#########.........##   E(200), E(146)
#######.##..#########...#.....##   
#########...#########.....######   
##########..#########.....######   
##########...#######......######   
##########....#####...#...######   
#########.................######   
#########............###########   
############..........##########   
############.......#.###########   
###########...........##########   
###########........#.###########   
##########..#......#############   
#########...##......############   
#########.######....############   
################....############   
################################   

Battle still raging after 29 rounds:
################################   
#########.....#######.##########   
##########..########...#########   
###########.########.#.#########   
###########.#...######..######.#   
##########..#...###.........##.#   
##.#######......#.E......#.....#   E(185)
##.##..######....GE.........####   G(177), E(122)
##.##...###......GEE.......#####   G(16), E(194), E(164)
#...............GE........######   G(200), E(140)
#...............E............###   E(173)
#...............GE.E.........###   G(16), E(35), E(200)
#.............#####.........####   
##...........#######.........###   
#####.....EE#########.........##   E(200), E(146)
####....#...#########.........##   
#######.##..#########...#.....##   
#########...#########.....######   
##########..#########.....######   
##########...#######......######   
##########....#####...#...######   
#########.................######   
#########............###########   
############..........##########   
############.......#.###########   
###########...........##########   
###########........#.###########   
##########..#......#############   
#########...##......############   
#########.######....############   
################....############   
################################   

Battle still raging after 30 rounds:
################################   
#########.....#######.##########   
##########..########...#########   
###########.########.#.#########   
###########.#...######..######.#   
##########..#...###.........##.#   
##.#######......#E.......#.....#   E(185)
##.##..######....GE.........####   G(131), E(119)
##.##...###.......E.E......#####   E(194), E(164)
#...............GE........######   G(177), E(134)
#...............E............###   E(173)
#...............E...E........###   E(35), E(200)
#.............#####.........####   
##........EE.#######.........###   E(200), E(146)
#####.......#########.........##   
####....#...#########.........##   
#######.##..#########...#.....##   
#########...#########.....######   
##########..#########.....######   
##########...#######......######   
##########....#####...#...######   
#########.................######   
#########............###########   
############..........##########   
############.......#.###########   
###########...........##########   
###########........#.###########   
##########..#......#############   
#########...##......############   
#########.######....############   
################....############   
################################   

Battle still raging after 31 rounds:
################################   
#########.....#######.##########   
##########..########...#########   
###########.########.#.#########   
###########.#...######..######.#   
##########..#...###.........##.#   
##.#######......#E.......#.....#   E(185)
##.##..######....GE.........####   G(62), E(116)
##.##...###......E...E.....#####   E(194), E(164)
#...............GE........######   G(131), E(131)
#...............E............###   E(173)
#..............E.....E.......###   E(35), E(200)
#.........EE..#####.........####   E(200), E(146)
##...........#######.........###   
#####.......#########.........##   
####....#...#########.........##   
#######.##..#########...#.....##   
#########...#########.....######   
##########..#########.....######   
##########...#######......######   
##########....#####...#...######   
#########.................######   
#########............###########   
############..........##########   
############.......#.###########   
###########...........##########   
###########........#.###########   
##########..#......#############   
#########...##......############   
#########.######....############   
################....############   
################################   

Battle still raging after 32 rounds:
################################   
#########.....#######.##########   
##########..########...#########   
###########.########.#.#########   
###########.#...######..######.#   
##########..#...###.........##.#   
##.#######......#E.......#.....#   E(185)
##.##..######.....E.........####   E(113)
##.##...###......E..E......#####   E(194), E(164)
#...............GE........######   G(85), E(128)
#..............EE............###   E(35), E(173)
#.........EE........E........###   E(200), E(146), E(200)
#.............#####.........####   
##...........#######.........###   
#####.......#########.........##   
####....#...#########.........##   
#######.##..#########...#.....##   
#########...#########.....######   
##########..#########.....######   
##########...#######......######   
##########....#####...#...######   
#########.................######   
#########............###########   
############..........##########   
############.......#.###########   
###########...........##########   
###########........#.###########   
##########..#......#############   
#########...##......############   
#########.######....############   
################....############   
################################   

The battle is over! Round 33 was not completed (we have 32 completed rounds):
################################   
#########.....#######.##########   
##########..########...#########   
###########.########.#.#########   
###########.#...######..######.#   
##########..#...###.........##.#   
##.#######......#........#.....#   
##.##..######....E..........####   E(185)
##.##...###.....E.EE.......#####   E(194), E(113), E(164)
#..............E.E........######   E(35), E(125)
#...............E............###   E(173)
#.........EE........E........###   E(200), E(146), E(200)
#.............#####.........####   
##...........#######.........###   
#####.......#########.........##   
####....#...#########.........##   
#######.##..#########...#.....##   
#########...#########.....######   
##########..#########.....######   
##########...#######......######   
##########....#####...#...######   
#########.................######   
#########............###########   
############..........##########   
############.......#.###########   
###########...........##########   
###########........#.###########   
##########..#......#############   
#########...##......############   
#########.######....############   
################....############   
################################   

No elvish casualties! Answer: 32 * 1535 = 49120
